<?xml version="1.0" encoding="UTF-8"?>
<!-- Generated by org.testng.reporters.JUnitXMLReporter -->
<testsuite ignored="0" hostname="DESKTOP-FG2O1ER" failures="0" tests="3" name="Default test" time="6.018" errors="0" timestamp="2024-05-10T01:35:41 IST">
  <testcase classname="testpkg.Logtest" name="verifyLogin" time="2.266"/>
  <testcase classname="testpkg.Logtest" name="addCart" time="0.434"/>
  <testcase classname="testpkg.Logtest" name="addInfo" time="0.647"/>
</testsuite> <!-- Default test -->
