<?xml version="1.0" encoding="UTF-8"?>
<testng-results ignored="0" total="3" passed="3" failed="0" skipped="0">
  <reporter-output>
  </reporter-output>
  <suite started-at="2024-05-10T01:35:35 IST" name="Default suite" finished-at="2024-05-10T01:35:41 IST" duration-ms="6018">
    <groups>
    </groups>
    <test started-at="2024-05-10T01:35:35 IST" name="Default test" finished-at="2024-05-10T01:35:41 IST" duration-ms="6018">
      <class name="testpkg.Logtest">
        <test-method is-config="true" signature="setUp()[pri:0, instance:testpkg.Logtest@3646a422]" started-at="2024-05-10T01:35:35 IST" name="setUp" finished-at="2024-05-10T01:35:37 IST" duration-ms="2612" status="PASS">
          <reporter-output>
          </reporter-output>
        </test-method> <!-- setUp -->
        <test-method signature="verifyLogin()[pri:1, instance:testpkg.Logtest@3646a422]" started-at="2024-05-10T01:35:37 IST" name="verifyLogin" finished-at="2024-05-10T01:35:40 IST" duration-ms="2266" status="PASS">
          <reporter-output>
          </reporter-output>
        </test-method> <!-- verifyLogin -->
        <test-method signature="addCart()[pri:2, instance:testpkg.Logtest@3646a422]" started-at="2024-05-10T01:35:40 IST" name="addCart" finished-at="2024-05-10T01:35:40 IST" duration-ms="434" status="PASS">
          <reporter-output>
          </reporter-output>
        </test-method> <!-- addCart -->
        <test-method signature="addInfo()[pri:3, instance:testpkg.Logtest@3646a422]" started-at="2024-05-10T01:35:40 IST" name="addInfo" finished-at="2024-05-10T01:35:41 IST" duration-ms="647" status="PASS">
          <reporter-output>
          </reporter-output>
        </test-method> <!-- addInfo -->
      </class> <!-- testpkg.Logtest -->
    </test> <!-- Default test -->
  </suite> <!-- Default suite -->
</testng-results>
